2023-11-09 09:19:35 LogWapper init() ./logs/Other Messages/Other Messages 2023-11-09 09:19:35.351848.log
2023-11-09 19:34:23 there is trades that goes on sl sline after 3 pips straight to tp
2023-11-09 19:35:26 Er det en gruppe som sender krypto signaler også?
2023-11-09 19:35:26 +30pips close half and move sl to BE
2023-11-09 19:35:26 This small lot hit SL
2023-11-09 19:35:26 Delete
2023-11-09 19:35:26 EU hit BE , I entered again small lot
2023-11-09 19:35:27 Okay got it , will try to that next time
2023-11-09 19:35:27 Thank you !
2023-11-09 19:35:27 thats what i do and get profits all the time
2023-11-09 20:06:09 activated +35pips from 1960 close half and move SL to BE if you are in
2023-11-09 20:06:09 Trade closed @ TP1 👉 Price at entry again
2023-11-09 20:06:09 Running trades: NASDAQ - GOLD (+70) - DAX40 (TP2 +250 / past week signal) - US30 (TP1 +100) - NASDAQ (2nd sell)
2023-11-09 20:06:09 
2023-11-09 20:06:09 Still selling the retracement guys 👍 Here is the updated chart 👇
2023-11-09 20:06:09 
2023-11-09 20:06:09 on eminus / manara also
2023-11-09 20:06:09 *THE ANNUAL EUROPE WINTER GALA* ❄️❄️❄️

Get ready to be part of an exclusive evening to celebrate Eaconomy’s incredible achievements in 2023!

The gala features a 3 course dinner, an awards ceremony, trainings by our CEO, Hassan Mahmoud, top leaders, & company VP’s and will most definitely be an unforgettable evening! In the spirit of giving, a portion of the ticket sales will be dedicated to supporting a chosen charity. Your presence at this event contributes to making a positive impact 🙌🏼 

DATE - Saturday 25th November 
TIME - 5.30pm - Midnight 
DRESS CODE - Black Tie / Evening gowns & tuxedos 

More details available on the eventbrite! 

*Get your tickets now!* 
https://europewintergala.eventbrite.com
2023-11-09 20:06:09 INCENTIVE FOR THE GALA

THAT ANYONE CAN QUALIFY FOR

LETS MAKE SURE WE ALL SHOW UP IN THE BIGGEST WAY POSSIBLE!

TO CLOSE OFF THE END OF 2023 BEAUTIFULLY
2023-11-09 20:06:09 
